spawn /opt/homebrew/bin/zeus preview
[34m[ℹ][39m building...
[?25l[32m?[39m [1mWhich device would you like to preview?[22m[0m [0m[2m(Use arrow keys)[22m
[36m❯ Amazfit Active 2 NFC (Square)[39m 
  Amazfit Active 2 (Square) 
  Amazfit Balance 2 XT 
  Amazfit T-Rex 3 Pro (48mm) 
  Amazfit T-Rex 3 Pro (44mm) 
  Amazfit Active Max 
  Amazfit T-Rex Ultra 2 
[2m(Move up and down to reveal more choices)[22m[41D[41C[2K[1A[2K[1A[2K[1A[2K[1A[2K[1A[2K[1A[2K[1A[2K[1A[2K[G[32m?[39m [1mWhich device would you like to preview?[22m[0m [0m
  Amazfit Active 2 NFC (Square) 
[36m❯ Amazfit Active 2 (Square)[39m 
  Amazfit Balance 2 XT 
  Amazfit T-Rex 3 Pro (48mm) 
  Amazfit T-Rex 3 Pro (44mm) 
  Amazfit Active Max 
  Amazfit T-Rex Ultra 2 
[2m(Move up and down to reveal more choices)[22m[41D[41C[2K[1A[2K[1A[2K[1A[2K[1A[2K[1A[2K[1A[2K[1A[2K[1A[2K[G[32m?[39m [1mWhich device would you like to preview?[22m[0m [0m
  Amazfit Active 2 NFC (Square) 
  Amazfit Active 2 (Square) 
[36m❯ Amazfit Balance 2 XT[39m 
  Amazfit T-Rex 3 Pro (48mm) 
  Amazfit T-Rex 3 Pro (44mm) 
  Amazfit Active Max 
  Amazfit T-Rex Ultra 2 
[2m(Move up and down to reveal more choices)[22m[41D[41C[2K[1A[2K[1A[2K[1A[2K[1A[2K[1A[2K[1A[2K[1A[2K[1A[2K[G[32m?[39m [1mWhich device would you like to preview?[22m[0m [0m
  Amazfit Active 2 NFC (Square) 
  Amazfit Active 2 (Square) 
  Amazfit Balance 2 XT 
[36m❯ Amazfit T-Rex 3 Pro (48mm)[39m 
  Amazfit T-Rex 3 Pro (44mm) 
  Amazfit Active Max 
  Amazfit T-Rex Ultra 2 
[2m(Move up and down to reveal more choices)[22m[41D[41C[2K[1A[2K[1A[2K[1A[2K[1A[2K[1A[2K[1A[2K[1A[2K[1A[2K[G[32m?[39m [1mWhich device would you like to preview?[22m[0m [0m
  Amazfit Active 2 (Square) 
  Amazfit Balance 2 XT 
  Amazfit T-Rex 3 Pro (48mm) 
[36m❯ Amazfit T-Rex 3 Pro (44mm)[39m 
  Amazfit Active Max 
  Amazfit T-Rex Ultra 2 
  Amazfit Active 3 Premium 
[2m(Move up and down to reveal more choices)[22m[41D[41C[2K[1A[2K[1A[2K[1A[2K[1A[2K[1A[2K[1A[2K[1A[2K[1A[2K[G[32m?[39m [1mWhich device would you like to preview?[22m[0m [0m
  Amazfit Balance 2 XT 
  Amazfit T-Rex 3 Pro (48mm) 
  Amazfit T-Rex 3 Pro (44mm) 
[36m❯ Amazfit Active Max[39m 
  Amazfit T-Rex Ultra 2 
  Amazfit Active 3 Premium 
  Amazfit Falcon 
[2m(Move up and down to reveal more choices)[22m[41D[41C[2K[1A[2K[1A[2K[1A[2K[1A[2K[1A[2K[1A[2K[1A[2K[1A[2K[G[32m?[39m [1mWhich device would you like to preview?[22m[0m [0m
  Amazfit T-Rex 3 Pro (48mm) 
  Amazfit T-Rex 3 Pro (44mm) 
  Amazfit Active Max 
[36m❯ Amazfit T-Rex Ultra 2[39m 
  Amazfit Active 3 Premium 
  Amazfit Falcon 
  Amazfit T-Rex Ultra 
[2m(Move up and down to reveal more choices)[22m[41D[41C[2K[1A[2K[1A[2K[1A[2K[1A[2K[1A[2K[1A[2K[1A[2K[1A[2K[G[32m?[39m [1mWhich device would you like to preview?[22m[0m [0m
  Amazfit T-Rex 3 Pro (44mm) 
  Amazfit Active Max 
  Amazfit T-Rex Ultra 2 
[36m❯ Amazfit Active 3 Premium[39m 
  Amazfit Falcon 
  Amazfit T-Rex Ultra 
  Amazfit GTR 4 Limited Edition 
[2m(Move up and down to reveal more choices)[22m[41D[41C[2K[1A[2K[1A[2K[1A[2K[1A[2K[1A[2K[1A[2K[1A[2K[1A[2K[G[32m?[39m [1mWhich device would you like to preview?[22m[0m [0m
  Amazfit Active Max 
  Amazfit T-Rex Ultra 2 
  Amazfit Active 3 Premium 
[36m❯ Amazfit Falcon[39m 
  Amazfit T-Rex Ultra 
  Amazfit GTR 4 Limited Edition 
  Amazfit GTR 4 
[2m(Move up and down to reveal more choices)[22m[41D[41C[2K[1A[2K[1A[2K[1A[2K[1A[2K[1A[2K[1A[2K[1A[2K[1A[2K[G[32m?[39m [1mWhich device would you like to preview?[22m[0m [0m
  Amazfit T-Rex Ultra 2 
  Amazfit Active 3 Premium 
  Amazfit Falcon 
[36m❯ Amazfit T-Rex Ultra[39m 
  Amazfit GTR 4 Limited Edition 
  Amazfit GTR 4 
  Amazfit GTS 4 
[2m(Move up and down to reveal more choices)[22m[41D[41C[2K[1A[2K[1A[2K[1A[2K[1A[2K[1A[2K[1A[2K[1A[2K[1A[2K[G[32m?[39m [1mWhich device would you like to preview?[22m[0m [0m
  Amazfit Active 3 Premium 
  Amazfit Falcon 
  Amazfit T-Rex Ultra 
[36m❯ Amazfit GTR 4 Limited Edition[39m 
  Amazfit GTR 4 
  Amazfit GTS 4 
  Amazfit Cheetah Pro 
[2m(Move up and down to reveal more choices)[22m[41D[41C[2K[1A[2K[1A[2K[1A[2K[1A[2K[1A[2K[1A[2K[1A[2K[1A[2K[G[32m?[39m [1mWhich device would you like to preview?[22m[0m [0m
  Amazfit Falcon 
  Amazfit T-Rex Ultra 
  Amazfit GTR 4 Limited Edition 
[36m❯ Amazfit GTR 4[39m 
  Amazfit GTS 4 
  Amazfit Cheetah Pro 
  Cheetah Pro Kelvin Kiptum 
[2m(Move up and down to reveal more choices)[22m[41D[41C[2K[1A[2K[1A[2K[1A[2K[1A[2K[1A[2K[1A[2K[1A[2K[1A[2K[G[32m?[39m [1mWhich device would you like to preview?[22m[0m [0m
  Amazfit T-Rex Ultra 
  Amazfit GTR 4 Limited Edition 
  Amazfit GTR 4 
[36m❯ Amazfit GTS 4[39m 
  Amazfit Cheetah Pro 
  Cheetah Pro Kelvin Kiptum 
  Amazfit Cheetah (Round) 
[2m(Move up and down to reveal more choices)[22m[41D[41C[2K[1A[2K[1A[2K[1A[2K[1A[2K[1A[2K[1A[2K[1A[2K[1A[2K[G[32m?[39m [1mWhich device would you like to preview?[22m[0m [0m
  Amazfit GTR 4 Limited Edition 
  Amazfit GTR 4 
  Amazfit GTS 4 
[36m❯ Amazfit Cheetah Pro[39m 
  Cheetah Pro Kelvin Kiptum 
  Amazfit Cheetah (Round) 
  Amazfit Cheetah (Square) 
[2m(Move up and down to reveal more choices)[22m[41D[41C[2K[1A[2K[1A[2K[1A[2K[1A[2K[1A[2K[1A[2K[1A[2K[1A[2K[G[32m?[39m [1mWhich device would you like to preview?[22m[0m [0m
  Amazfit GTR 4 
  Amazfit GTS 4 
  Amazfit Cheetah Pro 
[36m❯ Cheetah Pro Kelvin Kiptum[39m 
  Amazfit Cheetah (Round) 
  Amazfit Cheetah (Square) 
  Amazfit Active 
[2m(Move up and down to reveal more choices)[22m[41D[41C[2K[1A[2K[1A[2K[1A[2K[1A[2K[1A[2K[1A[2K[1A[2K[1A[2K[G[32m?[39m [1mWhich device would you like to preview?[22m[0m [0m
  Amazfit GTS 4 
  Amazfit Cheetah Pro 
  Cheetah Pro Kelvin Kiptum 
[36m❯ Amazfit Cheetah (Round)[39m 
  Amazfit Cheetah (Square) 
  Amazfit Active 
  Amazfit Active Edge 
[2m(Move up and down to reveal more choices)[22m[41D[41C[2K[1A[2K[1A[2K[1A[2K[1A[2K[1A[2K[1A[2K[1A[2K[1A[2K[G[32m?[39m [1mWhich device would you like to preview?[22m[0m [0m
  Amazfit Cheetah Pro 
  Cheetah Pro Kelvin Kiptum 
  Amazfit Cheetah (Round) 
[36m❯ Amazfit Cheetah (Square)[39m 
  Amazfit Active 
  Amazfit Active Edge 
  Amazfit Balance 
[2m(Move up and down to reveal more choices)[22m[41D[41C[2K[1A[2K[1A[2K[1A[2K[1A[2K[1A[2K[1A[2K[1A[2K[1A[2K[G[32m?[39m [1mWhich device would you like to preview?[22m[0m [0m
  Cheetah Pro Kelvin Kiptum 
  Amazfit Cheetah (Round) 
  Amazfit Cheetah (Square) 
[36m❯ Amazfit Active[39m 
  Amazfit Active Edge 
  Amazfit Balance 
  Amazfit T-Rex 3 
[2m(Move up and down to reveal more choices)[22m[41D[41C[2K[1A[2K[1A[2K[1A[2K[1A[2K[1A[2K[1A[2K[1A[2K[1A[2K[G[32m?[39m [1mWhich device would you like to preview?[22m[0m [0m
  Amazfit Cheetah (Round) 
  Amazfit Cheetah (Square) 
  Amazfit Active 
[36m❯ Amazfit Active Edge[39m 
  Amazfit Balance 
  Amazfit T-Rex 3 
  Amazfit Bip 5 Unity 
[2m(Move up and down to reveal more choices)[22m[41D[41C[2K[1A[2K[1A[2K[1A[2K[1A[2K[1A[2K[1A[2K[1A[2K[1A[2K[G[32m?[39m [1mWhich device would you like to preview?[22m[0m [0m
  Amazfit Cheetah (Square) 
  Amazfit Active 
  Amazfit Active Edge 
[36m❯ Amazfit Balance[39m 
  Amazfit T-Rex 3 
  Amazfit Bip 5 Unity 
  Amazfit Bip 5 Core 
[2m(Move up and down to reveal more choices)[22m[41D[41C[2K[1A[2K[1A[2K[1A[2K[1A[2K[1A[2K[1A[2K[1A[2K[1A[2K[G[32m?[39m [1mWhich device would you like to preview?[22m[0m [0m
  Amazfit Active 
  Amazfit Active Edge 
  Amazfit Balance 
[36m❯ Amazfit T-Rex 3[39m 
  Amazfit Bip 5 Unity 
  Amazfit Bip 5 Core 
  Amazfit Active 2 NFC (Round) 
[2m(Move up and down to reveal more choices)[22m[41D[41C[2K[1A[2K[1A[2K[1A[2K[1A[2K[1A[2K[1A[2K[1A[2K[1A[2K[G[32m?[39m [1mWhich device would you like to preview?[22m[0m [0m
  Amazfit Active Edge 
  Amazfit Balance 
  Amazfit T-Rex 3 
[36m❯ Amazfit Bip 5 Unity[39m 
  Amazfit Bip 5 Core 
  Amazfit Active 2 NFC (Round) 
  Amazfit Active 2 (Round) 
[2m(Move up and down to reveal more choices)[22m[41D[41C[2K[1A[2K[1A[2K[1A[2K[1A[2K[1A[2K[1A[2K[1A[2K[1A[2K[G[32m?[39m [1mWhich device would you like to preview?[22m[0m [0m
  Amazfit Balance 
  Amazfit T-Rex 3 
  Amazfit Bip 5 Unity 
[36m❯ Amazfit Bip 5 Core[39m 
  Amazfit Active 2 NFC (Round) 
  Amazfit Active 2 (Round) 
  Amazfit Balance 2 
[2m(Move up and down to reveal more choices)[22m[41D[41C[2K[1A[2K[1A[2K[1A[2K[1A[2K[1A[2K[1A[2K[1A[2K[1A[2K[G[32m?[39m [1mWhich device would you like to preview?[22m[0m [0m
  Amazfit T-Rex 3 
  Amazfit Bip 5 Unity 
  Amazfit Bip 5 Core 
[36m❯ Amazfit Active 2 NFC (Round)[39m 
  Amazfit Active 2 (Round) 
  Amazfit Balance 2 
  Amazfit Bip 6 
[2m(Move up and down to reveal more choices)[22m[41D[41C[2K[1A[2K[1A[2K[1A[2K[1A[2K[1A[2K[1A[2K[1A[2K[1A[2K[G[32m?[39m [1mWhich device would you like to preview?[22m[0m [0m
  Amazfit Bip 5 Unity 
  Amazfit Bip 5 Core 
  Amazfit Active 2 NFC (Round) 
[36m❯ Amazfit Active 2 (Round)[39m 
  Amazfit Balance 2 
  Amazfit Bip 6 
  Amazfit Active 2 NFC (Square) 
[2m(Move up and down to reveal more choices)[22m[41D[41C[2K[1A[2K[1A[2K[1A[2K[1A[2K[1A[2K[1A[2K[1A[2K[1A[2K[G[32m?[39m [1mWhich device would you like to preview?[22m[0m [0m
  Amazfit Bip 5 Core 
  Amazfit Active 2 NFC (Round) 
  Amazfit Active 2 (Round) 
[36m❯ Amazfit Balance 2[39m 
  Amazfit Bip 6 
  Amazfit Active 2 NFC (Square) 
  Amazfit Active 2 (Square) 
[2m(Move up and down to reveal more choices)[22m[41D[41C[2K[1A[2K[1A[2K[1A[2K[1A[2K[1A[2K[1A[2K[1A[2K[1A[2K[G[32m?[39m [1mWhich device would you like to preview?[22m[0m [0m
  Amazfit Active 2 NFC (Round) 
  Amazfit Active 2 (Round) 
  Amazfit Balance 2 
[36m❯ Amazfit Bip 6[39m 
  Amazfit Active 2 NFC (Square) 
  Amazfit Active 2 (Square) 
  Amazfit Balance 2 XT 
[2m(Move up and down to reveal more choices)[22m[41D[41C[2K[1A[2K[1A[2K[1A[2K[1A[2K[1A[2K[1A[2K[1A[2K[1A[2K[G[32m?[39m [1mWhich device would you like to preview?[22m[0m [0m[36mAmazfit Bip 6[39m[55D[55C
[?25h[34m[ℹ][39m Start building package, device sources: 9765120, 9765121, 10158337.
Error: The icon in app.json is empty or the image does not exist
    at /opt/homebrew/lib/node_modules/[4m@zeppos/zeus-cli[24m/node_modules/[4m@zeppos/zpm[24m/lib/node.js:2:499543
    at Generator.next (<anonymous>)
    at /opt/homebrew/lib/node_modules/[4m@zeppos/zeus-cli[24m/node_modules/[4m@zeppos/zpm[24m/lib/node.js:2:496711
    at new Promise (<anonymous>)
    at k (/opt/homebrew/lib/node_modules/[4m@zeppos/zeus-cli[24m/node_modules/[4m@zeppos/zpm[24m/lib/node.js:2:496531)
    at G (/opt/homebrew/lib/node_modules/[4m@zeppos/zeus-cli[24m/node_modules/[4m@zeppos/zpm[24m/lib/node.js:2:499444)
    at et.<anonymous> (/opt/homebrew/lib/node_modules/[4m@zeppos/zeus-cli[24m/node_modules/[4m@zeppos/zpm[24m/lib/0.node.js:1:26005)
    at Generator.next (<anonymous>)
    at /opt/homebrew/lib/node_modules/[4m@zeppos/zeus-cli[24m/node_modules/[4m@zeppos/zpm[24m/lib/0.node.js:1:24829
    at new Promise (<anonymous>)
[31m[✘][39m Build package error, the package name is undefined
[?25hinvalid command name "Build"
    while executing
"Build process finished"
    invoked from within
"expect {
    eof {
      puts "\n[Build process finished]"
    }
    timeout {
      puts "\n[Timeout waiting for build - zeus may still be running]"
..."
